<?xml version="1.0" encoding="UTF-8"?>
<!-- Generated by org.testng.reporters.JUnitReportReporter -->
<testsuite skipped="0" hostname="apples-MacBook-Pro.local" name="Runner.LoginRunner" tests="1" failures="0" timestamp="11 Oct 2021 04:37:42 GMT" time="242.996" errors="0">
  <testcase name="feature" time="242.996" classname="Runner.LoginRunner"/>
</testsuite> <!-- Runner.LoginRunner -->
